# JRE version: OpenJDK Runtime Environment OpenLogic-OpenJDK (17.0.13+11) (build 17.0.13+11-adhoc..jdk17u)
# Java VM: OpenJDK 64-Bit Server VM OpenLogic-OpenJDK (17.0.13+11-adhoc..jdk17u, mixed mode, sharing, tiered, compressed oops, compressed class ptrs, g1 gc, windows-amd64)
GC Precious Log:
 CPUs: 8 total, 8 available
 Memory: 20257M
 Large Page Support: Disabled
 NUMA Support: Disabled
 Compressed Oops: Enabled (Zero based)
 Heap Region Size: 2M
 Heap Min Capacity: 8M
 Heap Initial Capacity: 318M
 Heap Max Capacity: 4G
 Pre-touch: Disabled
 Parallel Workers: 8
 Concurrent Workers: 2
 Concurrent Refinement Workers: 8
 Periodic GC: Disabled
Heap:
 garbage-first heap   total 153600K, used 115603K [0x0000000700000000, 0x0000000800000000)
  region size 2048K, 30 young (61440K), 3 survivors (6144K)
 Metaspace       used 62719K, committed 63360K, reserved 1114112K
  class space    used 8918K, committed 9216K, reserved 1048576K
GC Heap History (20 events):
Event: 3.807 GC heap before
{Heap before GC invocations=5 (full 0):
 garbage-first heap   total 96256K, used 66811K [0x0000000700000000, 0x0000000800000000)
  region size 2048K, 28 young (57344K), 7 survivors (14336K)
 Metaspace       used 25969K, committed 26304K, reserved 1114112K
  class space    used 3836K, committed 3968K, reserved 1048576K
}
Event: 3.813 GC heap after
{Heap after GC invocations=6 (full 0):
 garbage-first heap   total 96256K, used 25870K [0x0000000700000000, 0x0000000800000000)
  region size 2048K, 2 young (4096K), 2 survivors (4096K)
 Metaspace       used 25969K, committed 26304K, reserved 1114112K
  class space    used 3836K, committed 3968K, reserved 1048576K
}
Event: 3.836 GC heap before
{Heap before GC invocations=6 (full 0):
 garbage-first heap   total 96256K, used 25870K [0x0000000700000000, 0x0000000800000000)
  region size 2048K, 3 young (6144K), 2 survivors (4096K)
 Metaspace       used 26199K, committed 26624K, reserved 1114112K
  class space    used 3871K, committed 4032K, reserved 1048576K
}
Event: 3.838 GC heap after
{Heap after GC invocations=7 (full 0):
 garbage-first heap   total 96256K, used 26236K [0x0000000700000000, 0x0000000800000000)
  region size 2048K, 1 young (2048K), 1 survivors (2048K)
 Metaspace       used 26199K, committed 26624K, reserved 1114112K
  class space    used 3871K, committed 4032K, reserved 1048576K
}
Event: 4.241 GC heap before
{Heap before GC invocations=7 (full 0):
 garbage-first heap   total 96256K, used 67196K [0x0000000700000000, 0x0000000800000000)
  region size 2048K, 22 young (45056K), 1 survivors (2048K)
 Metaspace       used 31857K, committed 32192K, reserved 1114112K
  class space    used 4469K, committed 4608K, reserved 1048576K
}
Event: 4.245 GC heap after
{Heap after GC invocations=8 (full 0):
 garbage-first heap   total 96256K, used 30095K [0x0000000700000000, 0x0000000800000000)
  region size 2048K, 3 young (6144K), 3 survivors (6144K)
 Metaspace       used 31857K, committed 32192K, reserved 1114112K
  class space    used 4469K, committed 4608K, reserved 1048576K
}
Event: 4.736 GC heap before
{Heap before GC invocations=8 (full 0):
 garbage-first heap   total 96256K, used 60815K [0x0000000700000000, 0x0000000800000000)
  region size 2048K, 18 young (36864K), 3 survivors (6144K)
 Metaspace       used 35572K, committed 35968K, reserved 1114112K
  class space    used 4941K, committed 5120K, reserved 1048576K
}
Event: 4.740 GC heap after
{Heap after GC invocations=9 (full 0):
 garbage-first heap   total 96256K, used 32422K [0x0000000700000000, 0x0000000800000000)
  region size 2048K, 2 young (4096K), 2 survivors (4096K)
 Metaspace       used 35572K, committed 35968K, reserved 1114112K
  class space    used 4941K, committed 5120K, reserved 1048576K
}
Event: 5.054 GC heap before
{Heap before GC invocations=10 (full 0):
 garbage-first heap   total 96256K, used 71334K [0x0000000700000000, 0x0000000800000000)
  region size 2048K, 21 young (43008K), 2 survivors (4096K)
 Metaspace       used 37187K, committed 37632K, reserved 1114112K
  class space    used 5199K, committed 5440K, reserved 1048576K
}
Event: 5.058 GC heap after
{Heap after GC invocations=11 (full 0):
 garbage-first heap   total 96256K, used 33558K [0x0000000700000000, 0x0000000800000000)
  region size 2048K, 2 young (4096K), 2 survivors (4096K)
 Metaspace       used 37187K, committed 37632K, reserved 1114112K
  class space    used 5199K, committed 5440K, reserved 1048576K
}
Event: 5.104 GC heap before
{Heap before GC invocations=11 (full 0):
 garbage-first heap   total 96256K, used 35606K [0x0000000700000000, 0x0000000800000000)
  region size 2048K, 3 young (6144K), 2 survivors (4096K)
 Metaspace       used 37287K, committed 37824K, reserved 1114112K
  class space    used 5213K, committed 5440K, reserved 1048576K
}
Event: 5.108 GC heap after
{Heap after GC invocations=12 (full 0):
 garbage-first heap   total 96256K, used 33758K [0x0000000700000000, 0x0000000800000000)
  region size 2048K, 1 young (2048K), 1 survivors (2048K)
 Metaspace       used 37287K, committed 37824K, reserved 1114112K
  class space    used 5213K, committed 5440K, reserved 1048576K
}
Event: 5.760 GC heap before
{Heap before GC invocations=12 (full 0):
 garbage-first heap   total 96256K, used 74718K [0x0000000700000000, 0x0000000800000000)
  region size 2048K, 21 young (43008K), 1 survivors (2048K)
 Metaspace       used 41401K, committed 41984K, reserved 1114112K
  class space    used 5874K, committed 6144K, reserved 1048576K
}
Event: 5.763 GC heap after
{Heap after GC invocations=13 (full 0):
 garbage-first heap   total 153600K, used 34716K [0x0000000700000000, 0x0000000800000000)
  region size 2048K, 1 young (2048K), 1 survivors (2048K)
 Metaspace       used 41401K, committed 41984K, reserved 1114112K
  class space    used 5874K, committed 6144K, reserved 1048576K
}
Event: 7.044 GC heap before
{Heap before GC invocations=13 (full 0):
 garbage-first heap   total 153600K, used 120732K [0x0000000700000000, 0x0000000800000000)
  region size 2048K, 44 young (90112K), 1 survivors (2048K)
 Metaspace       used 51010K, committed 51584K, reserved 1114112K
  class space    used 7240K, committed 7488K, reserved 1048576K
}
Event: 7.051 GC heap after
{Heap after GC invocations=14 (full 0):
 garbage-first heap   total 153600K, used 39813K [0x0000000700000000, 0x0000000800000000)
  region size 2048K, 4 young (8192K), 4 survivors (8192K)
 Metaspace       used 51010K, committed 51584K, reserved 1114112K
  class space    used 7240K, committed 7488K, reserved 1048576K
}
Event: 8.348 GC heap before
{Heap before GC invocations=14 (full 0):
 garbage-first heap   total 153600K, used 123781K [0x0000000700000000, 0x0000000800000000)
  region size 2048K, 44 young (90112K), 4 survivors (8192K)
 Metaspace       used 55814K, committed 56448K, reserved 1114112K
  class space    used 7968K, committed 8256K, reserved 1048576K
}
Event: 8.360 GC heap after
{Heap after GC invocations=15 (full 0):
 garbage-first heap   total 153600K, used 50397K [0x0000000700000000, 0x0000000800000000)
  region size 2048K, 6 young (12288K), 6 survivors (12288K)
 Metaspace       used 55814K, committed 56448K, reserved 1114112K
  class space    used 7968K, committed 8256K, reserved 1048576K
}
Event: 9.185 GC heap before
{Heap before GC invocations=15 (full 0):
 garbage-first heap   total 153600K, used 97501K [0x0000000700000000, 0x0000000800000000)
  region size 2048K, 26 young (53248K), 6 survivors (12288K)
 Metaspace       used 59672K, committed 60288K, reserved 1114112K
  class space    used 8491K, committed 8768K, reserved 1048576K
}
Event: 9.192 GC heap after
{Heap after GC invocations=16 (full 0):
 garbage-first heap   total 153600K, used 62355K [0x0000000700000000, 0x0000000800000000)
  region size 2048K, 3 young (6144K), 3 survivors (6144K)
 Metaspace       used 59672K, committed 60288K, reserved 1114112K
  class space    used 8491K, committed 8768K, reserved 1048576K
}

